<?xml version="1.0" ?>
<coverage version="7.6.12" timestamp="1741233651127" lines-valid="30" lines-covered="13" line-rate="0.4333" branches-covered="0" branches-valid="0" branch-rate="0" complexity="0">
	<!-- Generated by coverage.py: https://coverage.readthedocs.io/en/7.6.12 -->
	<!-- Based on https://raw.githubusercontent.com/cobertura/web/master/htdocs/xml/coverage-04.dtd -->
	<sources>
		<source>/home/runner/work/microServiceCICDTest/microServiceCICDTest/environments/development/feature-again</source>
	</sources>
	<packages>
		<package name="." line-rate="0.6667" branch-rate="0" complexity="0">
			<classes>
				<class name="app.py" filename="app.py" complexity="0" line-rate="0.6667" branch-rate="0">
					<methods/>
					<lines>
						<line number="1" hits="1"/>
						<line number="2" hits="1"/>
						<line number="4" hits="1"/>
						<line number="6" hits="1"/>
						<line number="7" hits="1"/>
						<line number="8" hits="0"/>
						<line number="10" hits="1"/>
						<line number="11" hits="0"/>
						<line number="12" hits="0"/>
					</lines>
				</class>
			</classes>
		</package>
		<package name="tests" line-rate="0.3333" branch-rate="0" complexity="0">
			<classes>
				<class name="__init__.py" filename="tests/__init__.py" complexity="0" line-rate="1" branch-rate="0">
					<methods/>
					<lines/>
				</class>
				<class name="conftest.py" filename="tests/conftest.py" complexity="0" line-rate="0.5714" branch-rate="0">
					<methods/>
					<lines>
						<line number="1" hits="1"/>
						<line number="2" hits="1"/>
						<line number="4" hits="1"/>
						<line number="5" hits="1"/>
						<line number="6" hits="0"/>
						<line number="7" hits="0"/>
						<line number="8" hits="0"/>
					</lines>
				</class>
				<class name="test_mandatory.py" filename="tests/test_mandatory.py" complexity="0" line-rate="0" branch-rate="0">
					<methods/>
					<lines>
						<line number="24" hits="0"/>
						<line number="25" hits="0"/>
						<line number="27" hits="0"/>
						<line number="38" hits="0"/>
						<line number="39" hits="0"/>
						<line number="40" hits="0"/>
						<line number="42" hits="0"/>
					</lines>
				</class>
				<class name="test_optional.py" filename="tests/test_optional.py" complexity="0" line-rate="0" branch-rate="0">
					<methods/>
					<lines>
						<line number="26" hits="0"/>
						<line number="27" hits="0"/>
						<line number="28" hits="0"/>
						<line number="30" hits="0"/>
					</lines>
				</class>
				<class name="test_recommended.py" filename="tests/test_recommended.py" complexity="0" line-rate="1" branch-rate="0">
					<methods/>
					<lines>
						<line number="26" hits="1"/>
						<line number="27" hits="1"/>
						<line number="29" hits="1"/>
					</lines>
				</class>
			</classes>
		</package>
	</packages>
</coverage>
